This is pdfTeX, Version 3.14159265-2.6-1.40.21 (TeX Live 2020) (preloaded format=pdflatex 2020.11.12)  13 NOV 2020 00:11
entering extended mode
 restricted \write18 enabled.
 file:line:error style messages enabled.
 %&-line parsing enabled.
**"/Users/hraghuva/Google Drive/sync/Resume_latex/Base/sample/sample.tex"
(/Users/hraghuva/Google Drive/sync/Resume_latex/Base/sample/sample.tex
LaTeX2e <2020-02-02> patch level 5
L3 programming layer <2020-03-06>

! LaTeX Error: File `altacv.cls' not found.

Type X to quit or <RETURN> to proceed,
or enter new name. (Default extension: cls)

Enter file name: 
/Users/hraghuva/Google Drive/sync/Resume_latex/Base/sample/sample.tex:27: Emergency stop.
<read *> 
         
l.27 ^^M
        
*** (cannot \read from terminal in nonstop modes)

 
Here is how much of TeX's memory you used:
 24 strings out of 480608
 691 string characters out of 5903629
 239610 words of memory out of 5000000
 16014 multiletter control sequences out of 15000+600000
 532338 words of font info for 24 fonts, out of 8000000 for 9000
 1141 hyphenation exceptions out of 8191
 14i,0n,17p,195b,10s stack positions out of 5000i,500n,10000p,200000b,80000s
/Users/hraghuva/Google Drive/sync/Resume_latex/Base/sample/sample.tex:27:  ==> Fatal error occurred, no output PDF file produced!
